<?xml version="1.0" encoding="UTF-8"?>
<testng-results ignored="0" total="1" passed="1" failed="0" skipped="0">
  <reporter-output>
  </reporter-output>
  <suite started-at="2023-09-21T10:45:29Z" name="Default suite" finished-at="2023-09-21T10:46:09Z" duration-ms="39437">
    <groups>
    </groups>
    <test started-at="2023-09-21T10:45:29Z" name="Default test" finished-at="2023-09-21T10:46:09Z" duration-ms="39437">
      <class name="Akshaykumar.pratice.DragDropDemo">
        <test-method is-config="true" signature="ConfigureAppium()[pri:0, instance:Akshaykumar.pratice.DragDropDemo@d41f816]" started-at="2023-09-21T10:45:29Z" name="ConfigureAppium" finished-at="2023-09-21T10:45:59Z" duration-ms="29774" status="PASS">
          <reporter-output>
          </reporter-output>
        </test-method> <!-- ConfigureAppium -->
        <test-method signature="SwipeGesture()[pri:0, instance:Akshaykumar.pratice.DragDropDemo@d41f816]" started-at="2023-09-21T10:45:59Z" name="SwipeGesture" finished-at="2023-09-21T10:46:08Z" duration-ms="9154" status="PASS">
          <reporter-output>
          </reporter-output>
        </test-method> <!-- SwipeGesture -->
        <test-method is-config="true" signature="teardown()[pri:0, instance:Akshaykumar.pratice.DragDropDemo@d41f816]" started-at="2023-09-21T10:46:08Z" name="teardown" finished-at="2023-09-21T10:46:09Z" duration-ms="459" status="PASS">
          <reporter-output>
          </reporter-output>
        </test-method> <!-- teardown -->
      </class> <!-- Akshaykumar.pratice.DragDropDemo -->
    </test> <!-- Default test -->
  </suite> <!-- Default suite -->
</testng-results>
